app/build/intermediates/manifest_merge_blame_file/release/manifest-merger-blame-release-report.txt
1<?xml version="1.0" encoding="utf-8"?>
2<manifest xmlns:android="http://schemas.android.com/apk/res/android"
3    package="com.travelapp"
4    android:versionCode="1"
5    android:versionName="1.0" >
6
7    <uses-sdk
8        android:minSdkVersion="21"
8-->src/main/AndroidManifest.xml
9        android:targetSdkVersion="29" />
9-->src/main/AndroidManifest.xml
10
11    <uses-permission android:name="android.permission.INTERNET" />
11-->src/main/AndroidManifest.xml:4:5-67
11-->src/main/AndroidManifest.xml:4:22-64
12    <uses-permission android:name="android.permission.ACCESS_BACKGROUND_LOCATION" />
12-->src/main/AndroidManifest.xml:5:5-85
12-->src/main/AndroidManifest.xml:5:22-82
13    <uses-permission android:name="android.permission.ACCESS_COARSE_LOCATION" />
13-->src/main/AndroidManifest.xml:6:5-81
13-->src/main/AndroidManifest.xml:6:22-78
14    <uses-permission android:name="android.permission.ACCESS_FINE_LOCATION" />
14-->src/main/AndroidManifest.xml:7:5-79
14-->src/main/AndroidManifest.xml:7:22-76
15    <!-- Include required permissions for Google Maps API to run. -->
16    <uses-permission android:name="android.permission.ACCESS_NETWORK_STATE" />
16-->[com.google.android.gms:play-services-maps:17.0.0] AndroidManifest.xml:23:5-79
16-->[com.google.android.gms:play-services-maps:17.0.0] AndroidManifest.xml:23:22-76
17
18    <uses-feature
18-->[com.google.android.gms:play-services-maps:17.0.0] AndroidManifest.xml:26:5-28:35
19        android:glEsVersion="0x00020000"
19-->[com.google.android.gms:play-services-maps:17.0.0] AndroidManifest.xml:27:9-41
20        android:required="true" />
20-->[com.google.android.gms:play-services-maps:17.0.0] AndroidManifest.xml:28:9-32
21
22    <application
22-->src/main/AndroidManifest.xml:8:5-30:19
23        android:name="com.travelapp.MainApplication"
23-->src/main/AndroidManifest.xml:9:7-38
24        android:allowBackup="false"
24-->src/main/AndroidManifest.xml:13:7-34
25        android:appComponentFactory="androidx.core.app.CoreComponentFactory"
25-->[androidx.core:core:1.1.0] AndroidManifest.xml:24:18-86
26        android:icon="@mipmap/ic_launcher"
26-->src/main/AndroidManifest.xml:11:7-41
27        android:label="@string/app_name"
27-->src/main/AndroidManifest.xml:10:7-39
28        android:roundIcon="@mipmap/ic_launcher_round"
28-->src/main/AndroidManifest.xml:12:7-52
29        android:theme="@style/AppTheme" >
29-->src/main/AndroidManifest.xml:14:7-38
30        <meta-data
30-->src/main/AndroidManifest.xml:15:7-17:64
31            android:name="com.google.android.geo.API_KEY"
31-->src/main/AndroidManifest.xml:16:6-51
32            android:value="AIzaSyAGgSG7EBx4NPL38lXeC1Pmi6tYtsrfXIU" />
32-->src/main/AndroidManifest.xml:17:6-61
33
34        <uses-library
34-->src/main/AndroidManifest.xml:18:6-85
35            android:name="org.apache.http.legacy"
35-->src/main/AndroidManifest.xml:18:20-57
36            android:required="false" />
36-->src/main/AndroidManifest.xml:18:58-82
37
38        <activity
38-->src/main/AndroidManifest.xml:19:7-29:18
39            android:name="com.travelapp.MainActivity"
39-->src/main/AndroidManifest.xml:20:9-37
40            android:configChanges="keyboard|keyboardHidden|orientation|screenSize|uiMode"
40-->src/main/AndroidManifest.xml:22:9-86
41            android:label="@string/app_name"
41-->src/main/AndroidManifest.xml:21:9-41
42            android:launchMode="singleTask"
42-->src/main/AndroidManifest.xml:23:9-40
43            android:windowSoftInputMode="adjustResize" >
43-->src/main/AndroidManifest.xml:24:9-51
44            <intent-filter>
44-->src/main/AndroidManifest.xml:25:9-28:25
45                <action android:name="android.intent.action.MAIN" />
45-->src/main/AndroidManifest.xml:26:13-65
45-->src/main/AndroidManifest.xml:26:21-62
46
47                <category android:name="android.intent.category.LAUNCHER" />
47-->src/main/AndroidManifest.xml:27:13-73
47-->src/main/AndroidManifest.xml:27:23-70
48            </intent-filter>
49        </activity>
50        <activity
50-->[com.google.android.gms:play-services-base:17.0.0] AndroidManifest.xml:23:9-26:75
51            android:name="com.google.android.gms.common.api.GoogleApiActivity"
51-->[com.google.android.gms:play-services-base:17.0.0] AndroidManifest.xml:24:13-79
52            android:exported="false"
52-->[com.google.android.gms:play-services-base:17.0.0] AndroidManifest.xml:25:13-37
53            android:theme="@android:style/Theme.Translucent.NoTitleBar" />
53-->[com.google.android.gms:play-services-base:17.0.0] AndroidManifest.xml:26:13-72
54
55        <meta-data
55-->[com.google.android.gms:play-services-basement:17.0.0] AndroidManifest.xml:23:9-25:69
56            android:name="com.google.android.gms.version"
56-->[com.google.android.gms:play-services-basement:17.0.0] AndroidManifest.xml:24:13-58
57            android:value="@integer/google_play_services_version" />
57-->[com.google.android.gms:play-services-basement:17.0.0] AndroidManifest.xml:25:13-66
58    </application>
59
60</manifest>